<?xml version="1.0" encoding="UTF-8"?>
<testsuite xmlns:xsi="http://www.w3.org/2001/XMLSchema-instance" xsi:noNamespaceSchemaLocation="https://maven.apache.org/surefire/maven-surefire-plugin/xsd/surefire-test-report.xsd" name="com.example.ApiApplicationTests" time="5.313" tests="2" errors="0" skipped="0" failures="0">
  <properties>
[...]
</properties>
  <testcase name="testSelectFirstLevel" classname="com.example.ApiApplicationTests" time="1.104"/>
  <testcase name="testRecommend" classname="com.example.ApiApplicationTests" time="0.018"/>
</testsuite>